Starting project at /Users/alchang/expodev
Starting Metro Bundler
warning: Bundler cache is empty, rebuilding (this may take a minute)
Waiting on http://localhost:8081
Logs for your project will appear below.
iOS node_modules/expo/AppEntry.js ░░░░░░░░░░░░░░░░  0.0% (0/1)
iOS node_modules/expo/AppEntry.js ▓▓▓▓▓▓▓▓▓▓▓▓▓░░░ 81.9% (707/781)
iOS Bundled 5525ms node_modules/expo/AppEntry.js (950 modules)
 WARN  Due to changes in Androids permission requirements, Expo Go can no longer provide full access to the media library. To test the full functionality of this module, you can create a development build. https://docs.expo.dev/develop/development-builds/create-a-build
 ERROR  Warning: Error: Component auth has not been registered yet

This error is located at:

[0m [90m 35 |[39m
 [90m 36 |[39m [36mexport[39m [36mdefault[39m [36mfunction[39m [33mNavigation[39m() {
[31m[1m>[22m[39m[90m 37 |[39m   [36mconst[39m [user[33m,[39m setUser] [33m=[39m useState[33m<[39m[33mUser[39m [33m|[39m [36mnull[39m[33m>[39m([36mnull[39m)[33m;[39m
 [90m    |[39m                                   [31m[1m^[22m[39m
 [90m 38 |[39m   [36mconst[39m [loading[33m,[39m setLoading] [33m=[39m useState([36mtrue[39m)[33m;[39m
 [90m 39 |[39m
 [90m 40 |[39m   useEffect(() [33m=>[39m {[0m

Call Stack
  Navigation (src/Navigation.tsx:37:35)
  RNCSafeAreaProvider (<anonymous>)
  App (<anonymous>)
iOS node_modules/expo/AppEntry.js ░░░░░░░░░░░░░░░░  0.0% (0/1)
iOS Bundled 678ms node_modules/expo/AppEntry.js (1 module)
 WARN  Due to changes in Androids permission requirements, Expo Go can no longer provide full access to the media library. To test the full functionality of this module, you can create a development build. https://docs.expo.dev/develop/development-builds/create-a-build
 WARN  [2025-06-24T04:52:07.234Z]  @firebase/auth: Auth (11.9.0): 
You are initializing Firebase Auth for React Native without providing
AsyncStorage. Auth state will default to memory persistence and will not
persist between sessions. In order to persist auth state, install the package
"@react-native-async-storage/async-storage" and provide it to
initializeAuth:

import { initializeAuth, getReactNativePersistence } from 'firebase/auth';
import ReactNativeAsyncStorage from '@react-native-async-storage/async-storage';
const auth = initializeAuth(app, {
  persistence: getReactNativePersistence(ReactNativeAsyncStorage)
});
 ERROR  Warning: Error: Component auth has not been registered yet

This error is located at:

[0m [90m 35 |[39m
 [90m 36 |[39m [36mexport[39m [36mdefault[39m [36mfunction[39m [33mNavigation[39m() {
[31m[1m>[22m[39m[90m 37 |[39m   [36mconst[39m [user[33m,[39m setUser] [33m=[39m useState[33m<[39m[33mUser[39m [33m|[39m [36mnull[39m[33m>[39m([36mnull[39m)[33m;[39m
 [90m    |[39m                                   [31m[1m^[22m[39m
 [90m 38 |[39m   [36mconst[39m [loading[33m,[39m setLoading] [33m=[39m useState([36mtrue[39m)[33m;[39m
 [90m 39 |[39m
 [90m 40 |[39m   useEffect(() [33m=>[39m {[0m

Call Stack
  Navigation (src/Navigation.tsx:37:35)
  RNCSafeAreaProvider (<anonymous>)
  App (<anonymous>)
